生成启动时间为 2017/7/1 21:18:59。
     1>项目“D:\STUDY\CPP_STUDY\测试知识点用\测试知识点用.vcxproj”在节点 2 上(Build 个目标)。
     1>ClCompile:
         D:\devTool\VS2013\VC\bin\CL.exe /c /ZI /nologo /W3 /WX- /sdl /Od /Oy- /D _UNICODE /D UNICODE /Gm /EHsc /RTC1 /MDd /GS /fp:precise /Zc:wchar_t /Zc:forScope /Fo"Debug\\" /Fd"Debug\vc120.pdb" /Gd /TP /analyze- /errorReport:prompt main.cpp
         main.cpp
       Link:
         D:\devTool\VS2013\VC\bin\link.exe /ERRORREPORT:PROMPT /OUT:"D:\STUDY\CPP_STUDY\Debug\测试知识点用.exe" /INCREMENTAL /NOLOGO kernel32.lib user32.lib gdi32.lib winspool.lib comdlg32.lib advapi32.lib shell32.lib ole32.lib oleaut32.lib uuid.lib odbc32.lib odbccp32.lib /MANIFEST /MANIFESTUAC:"level='asInvoker' uiAccess='false'" /manifest:embed /DEBUG /PDB:"D:\STUDY\CPP_STUDY\Debug\测试知识点用.pdb" /TLBID:1 /DYNAMICBASE /NXCOMPAT /IMPLIB:"D:\STUDY\CPP_STUDY\Debug\测试知识点用.lib" /MACHINE:X86 Debug\cfun.obj
         Debug\Chain.obj
         Debug\ClassA_B.obj
         Debug\ClassWithQuotaMember.obj
         Debug\cppInvokeC.obj
         Debug\Explicit.obj
         Debug\main.obj
         Debug\OverLoad.obj
         Debug\TestDtor.obj
         Debug\TestStaticMem.obj
         Debug\VarWhenInit.obj
         测试知识点用.vcxproj -> D:\STUDY\CPP_STUDY\Debug\测试知识点用.exe
     1>已完成生成项目“D:\STUDY\CPP_STUDY\测试知识点用\测试知识点用.vcxproj”(Build 个目标)的操作。

生成成功。

已用时间 00:00:00.80
